<?xml version="1.0" encoding="UTF-8"?>
<testng-results skipped="0" failed="0" total="2" passed="2">
  <reporter-output>
  </reporter-output>
  <suite name="Suite" duration-ms="28400" started-at="2018-07-22T07:57:06Z" finished-at="2018-07-22T07:57:34Z">
    <groups>
    </groups>
    <test name="Test" duration-ms="28400" started-at="2018-07-22T07:57:06Z" finished-at="2018-07-22T07:57:34Z">
      <class name="scenarios.Test2">
        <test-method status="PASS" signature="setUp()[pri:0, instance:scenarios.Test2@6574b225]" name="setUp" is-config="true" duration-ms="4768" started-at="2018-07-22T13:27:20Z" finished-at="2018-07-22T13:27:25Z">
          <reporter-output>
          </reporter-output>
        </test-method> <!-- setUp -->
        <test-method status="PASS" signature="mySecondTest()[pri:0, instance:scenarios.Test2@6574b225]" name="mySecondTest" duration-ms="9248" started-at="2018-07-22T13:27:25Z" finished-at="2018-07-22T13:27:34Z">
          <reporter-output>
          </reporter-output>
        </test-method> <!-- mySecondTest -->
      </class> <!-- scenarios.Test2 -->
      <class name="scenarios.Test1">
        <test-method status="PASS" signature="setUp()[pri:0, instance:scenarios.Test1@5056dfcb]" name="setUp" is-config="true" duration-ms="5773" started-at="2018-07-22T13:27:06Z" finished-at="2018-07-22T13:27:11Z">
          <reporter-output>
          </reporter-output>
        </test-method> <!-- setUp -->
        <test-method status="PASS" signature="myFirstTest()[pri:0, instance:scenarios.Test1@5056dfcb]" name="myFirstTest" duration-ms="8600" started-at="2018-07-22T13:27:11Z" finished-at="2018-07-22T13:27:20Z">
          <reporter-output>
          </reporter-output>
        </test-method> <!-- myFirstTest -->
      </class> <!-- scenarios.Test1 -->
    </test> <!-- Test -->
  </suite> <!-- Suite -->
</testng-results>
